{"level":"fatal","time":"10-06-2022,21:11:21","caller":"runtime/proc.go:250","message":"postgres connection failed, dial tcp 127.0.0.1:5432: connect: connection refused"}
{"level":"fatal","time":"10-06-2022,21:11:59","caller":"app/main.go:33","message":"postgres connection failed, dial tcp 127.0.0.1:5432: connect: connection refused"}
{"level":"fatal","time":"10-06-2022,21:37:23","caller":"app/main.go:33","message":"postgres connection failed, dial tcp 127.0.0.1:5432: connect: connection refused"}
{"level":"fatal","time":"10-06-2022,21:46:33","caller":"app/main.go:33","message":"postgres connection failed, pq: SSL is not enabled on the server"}
{"level":"fatal","time":"10-06-2022,21:46:41","caller":"app/main.go:33","message":"postgres connection failed, pq: SSL is not enabled on the server"}
{"level":"fatal","time":"10-06-2022,21:47:12","caller":"app/main.go:34","message":"postgres connection failed, pq: SSL is not enabled on the server"}
{"level":"fatal","time":"10-06-2022,21:48:16","caller":"app/main.go:34","message":"postgres connection failed, pq: SSL is not enabled on the server"}
{"level":"fatal","time":"10-06-2022,21:50:35","caller":"app/main.go:34","message":"postgres connection failed, pq: SSL is not enabled on the server"}
{"level":"info","time":"10-06-2022,21:51:53","caller":"migrate/migrate.go:22","message":"first .: file does not exist"}
{"level":"info","time":"10-06-2022,21:51:53","caller":"app/main.go:60","message":"http server created and started at http://localhost:8080"}
{"level":"info","time":"10-06-2022,21:52:19","caller":"app/main.go:68","message":"app - run - signal: interrupt"}
{"level":"error","time":"10-06-2022,21:52:19","caller":"app/main.go:76","message":"app - run - httpServer.Shutdown: context deadline exceeded"}
{"level":"fatal","time":"10-06-2022,23:40:07","caller":"migrate/migrate.go:22","message":"migration failed: column \"email\" does not exist in line 0: CREATE TYPE valid_status AS ENUM('new', 'success', 'failure', 'error');\nCREATE TYPE valid_currency AS ENUM('usd', 'eur', 'rub');\n\nCREATE TABLE IF NOT EXISTS transactions (\n  id SERIAL PRIMARY KEY,\n  user_id INT NOT NULL,\n  user_email VARCHAR(20) NOT NULL,\n  amount NUMERIC(10, 2) NOT NULL CHECK(amount > 0),\n  currency valid_currency NOT NULL,\n  created_at TIMESTAMP NOT NULL DEFAULT current_timestamp, -- создается один раз и не изменяется\n  updated_at TIMESTAMP NOT NULL DEFAULT current_timestamp, -- изменяется при обновлении\n  transaction_status valid_status NOT NULL DEFAULT 'new'\n);\n\nCREATE INDEX ON transactions(email);\nCREATE INDEX ON transactions(user_id);\n\ninsert into transactions(user_id, user_email, amount, currency) values (1, 'email1', 100.5, 'usd');\nupdate transactions set transaction_status = 'error', updated_at = current_timestamp where user_id = 1 (details: pq: column \"email\" does not exist)"}
{"level":"fatal","time":"10-06-2022,23:41:38","caller":"migrate/migrate.go:22","message":"migration failed: column \"email\" does not exist in line 0: CREATE TYPE valid_status AS ENUM('new', 'success', 'failure', 'error');\nCREATE TYPE valid_currency AS ENUM('usd', 'eur', 'rub');\n\nCREATE TABLE IF NOT EXISTS transactions (\n  id SERIAL PRIMARY KEY,\n  user_id INT NOT NULL,\n  user_email VARCHAR(20) NOT NULL,\n  amount NUMERIC(10, 2) NOT NULL CHECK(amount > 0),\n  currency valid_currency NOT NULL,\n  created_at TIMESTAMP NOT NULL DEFAULT current_timestamp, -- создается один раз и не изменяется\n  updated_at TIMESTAMP NOT NULL DEFAULT current_timestamp, -- изменяется при обновлении\n  transaction_status valid_status NOT NULL DEFAULT 'new'\n);\n\nCREATE INDEX ON transactions(email);\nCREATE INDEX ON transactions(user_id);\n\ninsert into transactions(user_id, user_email, amount, currency) values (1, 'email1', 100.5, 'usd');\nupdate transactions set transaction_status = 'error', updated_at = current_timestamp where user_id = 1; (details: pq: column \"email\" does not exist)"}
{"level":"info","time":"10-06-2022,23:42:20","caller":"app/main.go:59","message":"http server created and started at http://localhost:8080"}
{"level":"info","time":"10-06-2022,23:45:19","caller":"app/main.go:67","message":"app - run - signal: interrupt"}
{"level":"error","time":"10-06-2022,23:45:19","caller":"app/main.go:75","message":"app - run - httpServer.Shutdown: context deadline exceeded"}
{"level":"info","time":"10-06-2022,23:45:33","caller":"app/main.go:59","message":"http server created and started at http://localhost:8080"}
{"level":"info","time":"10-06-2022,23:53:19","caller":"app/main.go:67","message":"app - run - signal: interrupt"}
{"level":"error","time":"10-06-2022,23:53:19","caller":"app/main.go:75","message":"app - run - httpServer.Shutdown: context deadline exceeded"}
{"level":"fatal","time":"10-06-2022,23:53:30","caller":"migrate/migrate.go:22","message":"migration failed: syntax error at or near \"with\" (column 28) in line 10: CREATE TYPE valid_status AS ENUM('new', 'success', 'failure', 'error');\nCREATE TYPE valid_currency AS ENUM('usd', 'eur', 'rub');\n\nCREATE TABLE IF NOT EXISTS transactions (\n  id SERIAL PRIMARY KEY,\n  user_id INT NOT NULL,\n  user_email VARCHAR(20) NOT NULL,\n  amount NUMERIC(10, 2) NOT NULL CHECK(amount > 0),\n  currency valid_currency NOT NULL,\n  created_at TIMESTAMP NOT with time zone NULL DEFAULT statement_timestamp( ) , -- создается один раз и не изменяется\n  updated_at TIMESTAMP NOT NULL DEFAULT NOW(), -- изменяется при обновлении\n  transaction_status valid_status NOT NULL DEFAULT 'new'\n);\n\nCREATE INDEX ON transactions(user_email);\nCREATE INDEX ON transactions(user_id);\n\ninsert into transactions(user_id, user_email, amount, currency) values (1, 'email1', 100.5, 'usd');\nupdate transactions set transaction_status = 'error', updated_at = current_timestamp where user_id = 1; (details: pq: syntax error at or near \"with\")"}
{"level":"fatal","time":"10-06-2022,23:53:53","caller":"migrate/migrate.go:22","message":"migration failed: syntax error at or near \"with\" (column 33) in line 10: CREATE TYPE valid_status AS ENUM('new', 'success', 'failure', 'error');\nCREATE TYPE valid_currency AS ENUM('usd', 'eur', 'rub');\n\nCREATE TABLE IF NOT EXISTS transactions (\n  id SERIAL PRIMARY KEY,\n  user_id INT NOT NULL,\n  user_email VARCHAR(20) NOT NULL,\n  amount NUMERIC(10, 2) NOT NULL CHECK(amount > 0),\n  currency valid_currency NOT NULL,\n  created_at TIMESTAMP NOT NULL with time zone DEFAULT statement_timestamp( ) , -- создается один раз и не изменяется\n  updated_at TIMESTAMP NOT NULL DEFAULT NOW(), -- изменяется при обновлении\n  transaction_status valid_status NOT NULL DEFAULT 'new'\n);\n\nCREATE INDEX ON transactions(user_email);\nCREATE INDEX ON transactions(user_id);\n\ninsert into transactions(user_id, user_email, amount, currency) values (1, 'email1', 100.5, 'usd');\nupdate transactions set transaction_status = 'error', updated_at = current_timestamp where user_id = 1; (details: pq: syntax error at or near \"with\")"}
{"level":"info","time":"10-06-2022,23:54:51","caller":"app/main.go:59","message":"http server created and started at http://localhost:8080"}
{"level":"info","time":"11-06-2022,00:07:02","caller":"app/main.go:67","message":"app - run - signal: interrupt"}
{"level":"error","time":"11-06-2022,00:07:02","caller":"app/main.go:75","message":"app - run - httpServer.Shutdown: context deadline exceeded"}
{"level":"fatal","time":"11-06-2022,00:07:14","caller":"migrate/migrate.go:22","message":"migration failed: function moddatetime() does not exist in line 0: CREATE TYPE valid_status AS ENUM('new', 'success', 'failure', 'error');\nCREATE TYPE valid_currency AS ENUM('usd', 'eur', 'rub');\n\nCREATE TABLE IF NOT EXISTS transactions (\n  id SERIAL PRIMARY KEY,\n  user_id INT NOT NULL,\n  user_email VARCHAR(20) NOT NULL,\n  amount NUMERIC(10, 2) NOT NULL CHECK(amount > 0),\n  currency valid_currency NOT NULL,\n  created_at TIMESTAMP WITH TIME ZONE NOT NULL DEFAULT NOW(),\n  updated_at TIMESTAMP WITH TIME ZONE NOT NULL DEFAULT NOW(),\n  transaction_status valid_status NOT NULL DEFAULT 'new'\n);\n\nCREATE INDEX ON transactions(user_email);\nCREATE INDEX ON transactions(user_id);\n\nCREATE TRIGGER created_at_moddatetime\n    BEFORE UPDATE ON transactions\n    FOR EACH ROW\n    EXECUTE PROCEDURE moddatetime(created_at);\n\ninsert into transactions(user_id, user_email, amount, currency) values (1, 'email1', 100.5, 'usd');\nupdate transactions set transaction_status = 'error' where user_id = 1; (details: pq: function moddatetime() does not exist)"}
{"level":"info","time":"11-06-2022,00:10:15","caller":"app/main.go:59","message":"http server created and started at http://localhost:8080"}
{"level":"info","time":"11-06-2022,00:13:50","caller":"app/main.go:67","message":"app - run - signal: interrupt"}
{"level":"error","time":"11-06-2022,00:13:50","caller":"app/main.go:75","message":"app - run - httpServer.Shutdown: context deadline exceeded"}
{"level":"fatal","time":"11-06-2022,03:15:05","caller":"app/main.go:33","message":"postgres connection failed, dial tcp 127.0.0.1:5432: connect: connection refused"}
{"level":"fatal","time":"11-06-2022,03:15:16","caller":"migrate/migrate.go:22","message":"no change"}
{"level":"fatal","time":"11-06-2022,03:15:20","caller":"migrate/migrate.go:22","message":"no change"}
{"level":"info","time":"11-06-2022,03:15:38","caller":"app/main.go:53","message":"http server created and started at http://localhost:8080"}
{"level":"info","time":"11-06-2022,03:24:50","caller":"app/main.go:61","message":"app - run - signal: interrupt"}
{"level":"error","time":"11-06-2022,03:24:50","caller":"app/main.go:69","message":"app - run - httpServer.Shutdown: context deadline exceeded"}
{"level":"info","time":"11-06-2022,03:24:58","caller":"app/main.go:53","message":"http server created and started at http://localhost:8080"}
{"level":"info","time":"11-06-2022,03:28:09","caller":"app/main.go:61","message":"app - run - signal: interrupt"}
{"level":"error","time":"11-06-2022,03:28:09","caller":"app/main.go:69","message":"app - run - httpServer.Shutdown: context deadline exceeded"}
{"level":"info","time":"11-06-2022,03:28:23","caller":"app/main.go:53","message":"http server created and started at http://localhost:8080"}
{"level":"info","time":"11-06-2022,03:28:55","caller":"app/main.go:61","message":"app - run - signal: interrupt"}
{"level":"error","time":"11-06-2022,03:28:55","caller":"app/main.go:69","message":"app - run - httpServer.Shutdown: context deadline exceeded"}
{"level":"info","time":"11-06-2022,03:29:09","caller":"app/main.go:53","message":"http server created and started at http://localhost:8080"}
{"level":"info","time":"11-06-2022,03:29:40","caller":"app/main.go:61","message":"app - run - signal: interrupt"}
{"level":"error","time":"11-06-2022,03:29:40","caller":"app/main.go:69","message":"app - run - httpServer.Shutdown: context deadline exceeded"}
{"level":"fatal","time":"11-06-2022,03:35:17","caller":"migrate/migrate.go:22","message":"no change"}
{"level":"info","time":"11-06-2022,03:35:26","caller":"app/main.go:53","message":"http server created and started at http://localhost:8080"}
{"level":"error","time":"11-06-2022,03:35:53","caller":"payment/controller.go:53","message":"Payment-Repository-CreatePayment, pq: new row for relation \"payments\" violates check constraint \"payments_amount_check\""}
{"level":"info","time":"11-06-2022,03:38:05","caller":"app/main.go:61","message":"app - run - signal: interrupt"}
{"level":"info","time":"11-06-2022,03:38:15","caller":"app/main.go:53","message":"http server created and started at http://localhost:8080"}
{"level":"error","time":"11-06-2022,03:38:19","caller":"payment/controller.go:53","message":"Payment-Repository-CreatePayment, pq: new row for relation \"payments\" violates check constraint \"payments_amount_check\""}
{"level":"info","time":"11-06-2022,03:38:49","caller":"app/main.go:61","message":"app - run - signal: interrupt"}
{"level":"info","time":"11-06-2022,03:38:57","caller":"app/main.go:53","message":"http server created and started at http://localhost:8080"}
{"level":"error","time":"11-06-2022,03:38:59","caller":"payment/controller.go:53","message":"Payment-Repository-CreatePayment, pq: new row for relation \"payments\" violates check constraint \"payments_amount_check\""}
{"level":"info","time":"11-06-2022,03:39:27","caller":"app/main.go:61","message":"app - run - signal: interrupt"}
{"level":"fatal","time":"11-06-2022,03:39:32","caller":"migrate/migrate.go:22","message":"no change"}
{"level":"info","time":"11-06-2022,03:39:52","caller":"app/main.go:53","message":"http server created and started at http://localhost:8080"}
{"level":"info","time":"11-06-2022,03:40:03","caller":"app/main.go:61","message":"app - run - signal: interrupt"}
{"level":"info","time":"11-06-2022,03:49:42","caller":"app/main.go:53","message":"http server created and started at http://localhost:8080"}
{"level":"info","time":"11-06-2022,03:51:23","caller":"app/main.go:61","message":"app - run - signal: interrupt"}
{"level":"info","time":"11-06-2022,03:51:35","caller":"app/main.go:53","message":"http server created and started at http://localhost:8080"}
{"level":"info","time":"11-06-2022,03:51:56","caller":"app/main.go:61","message":"app - run - signal: interrupt"}
{"level":"info","time":"11-06-2022,06:11:02","caller":"app/main.go:53","message":"http server created and started at http://localhost:8080"}
{"level":"info","time":"11-06-2022,07:08:54","caller":"app/main.go:53","message":"http server created and started at http://localhost:8080"}
{"level":"info","time":"11-06-2022,07:11:56","caller":"app/main.go:61","message":"app - run - signal: interrupt"}
{"level":"info","time":"11-06-2022,07:12:10","caller":"app/main.go:53","message":"http server created and started at http://localhost:8080"}
{"level":"error","time":"11-06-2022,07:12:15","caller":"payment/controller.go:90","message":"Payment-Usecase-UpdateStatus, invalid status error"}
{"level":"info","time":"11-06-2022,07:13:00","caller":"app/main.go:61","message":"app - run - signal: interrupt"}
{"level":"fatal","time":"11-06-2022,07:13:30","caller":"migrate/migrate.go:22","message":"no change"}
{"level":"error","time":"11-06-2022,07:13:50","caller":"migrate/migrate.go:22","message":"no change"}
{"level":"info","time":"11-06-2022,07:13:50","caller":"app/main.go:53","message":"http server created and started at http://localhost:8080"}
{"level":"error","time":"11-06-2022,07:14:32","caller":"payment/controller.go:90","message":"Payment-Usecase-Repository-GetStatus, terminal status: success"}
{"level":"info","time":"11-06-2022,07:14:50","caller":"app/main.go:61","message":"app - run - signal: interrupt"}
{"level":"debug","time":"11-06-2022,08:05:18","caller":"migrate/migrate.go:22","message":"no change"}
{"level":"info","time":"11-06-2022,08:05:18","caller":"app/main.go:53","message":"http server created and started at http://localhost:8080"}
{"level":"error","time":"11-06-2022,08:09:55","caller":"payment/controller.go:90","message":"Payment-Usecase-Repository-GetStatus, terminal status: success"}
{"level":"info","time":"11-06-2022,08:12:14","caller":"app/main.go:61","message":"app - run - signal: interrupt"}
{"level":"debug","time":"11-06-2022,08:12:21","caller":"migrate/migrate.go:22","message":"no change"}
{"level":"info","time":"11-06-2022,08:12:21","caller":"app/main.go:53","message":"http server created and started at http://localhost:8080"}
{"level":"debug","time":"11-06-2022,08:19:55","caller":"migrate/migrate.go:22","message":"no change"}
{"level":"info","time":"11-06-2022,08:19:55","caller":"app/main.go:53","message":"http server created and started at http://localhost:8080"}
{"level":"error","time":"11-06-2022,08:20:26","caller":"payment/controller.go:169","message":"Payment-Reposiroty-GetPayments, pq: got 2 parameters but the statement requires 1"}
{"level":"info","time":"11-06-2022,08:21:58","caller":"app/main.go:61","message":"app - run - signal: interrupt"}
{"level":"debug","time":"11-06-2022,08:22:00","caller":"migrate/migrate.go:22","message":"no change"}
{"level":"info","time":"11-06-2022,08:22:00","caller":"app/main.go:53","message":"http server created and started at http://localhost:8080"}
{"level":"error","time":"11-06-2022,08:22:03","caller":"payment/controller.go:169","message":"Payment-Reposiroty-GetPayments, pq: got 2 parameters but the statement requires 1"}
{"level":"info","time":"11-06-2022,08:22:30","caller":"app/main.go:61","message":"app - run - signal: interrupt"}
{"level":"debug","time":"11-06-2022,08:22:31","caller":"migrate/migrate.go:22","message":"no change"}
{"level":"info","time":"11-06-2022,08:22:31","caller":"app/main.go:53","message":"http server created and started at http://localhost:8080"}
{"level":"error","time":"11-06-2022,08:22:34","caller":"payment/controller.go:169","message":"Payment-Reposiroty-GetPayments, missing destination name user_id in *[]payment.PaymentData"}
{"level":"info","time":"11-06-2022,08:23:43","caller":"app/main.go:61","message":"app - run - signal: interrupt"}
{"level":"debug","time":"11-06-2022,08:23:45","caller":"migrate/migrate.go:22","message":"no change"}
{"level":"info","time":"11-06-2022,08:23:45","caller":"app/main.go:53","message":"http server created and started at http://localhost:8080"}
{"level":"info","time":"11-06-2022,08:25:54","caller":"app/main.go:61","message":"app - run - signal: interrupt"}
{"level":"debug","time":"11-06-2022,08:25:56","caller":"migrate/migrate.go:22","message":"no change"}
{"level":"info","time":"11-06-2022,08:25:56","caller":"app/main.go:53","message":"http server created and started at http://localhost:8080"}
{"level":"info","time":"11-06-2022,08:27:17","caller":"app/main.go:61","message":"app - run - signal: interrupt"}
{"level":"debug","time":"11-06-2022,08:27:18","caller":"migrate/migrate.go:22","message":"no change"}
{"level":"info","time":"11-06-2022,08:27:18","caller":"app/main.go:53","message":"http server created and started at http://localhost:8080"}
{"level":"info","time":"11-06-2022,08:27:26","caller":"app/main.go:61","message":"app - run - signal: interrupt"}
{"level":"debug","time":"11-06-2022,08:27:28","caller":"migrate/migrate.go:22","message":"no change"}
{"level":"info","time":"11-06-2022,08:27:28","caller":"app/main.go:53","message":"http server created and started at http://localhost:8080"}
{"level":"info","time":"11-06-2022,08:27:36","caller":"app/main.go:61","message":"app - run - signal: interrupt"}
{"level":"debug","time":"12-06-2022,05:27:13","caller":"loggin/loggin.go:71","message":"no change"}
{"level":"info","time":"12-06-2022,05:27:13","caller":"loggin/loggin.go:75","message":"http server created and started at http://localhost:8080"}
{"level":"error","time":"12-06-2022,05:28:31","caller":"loggin/loggin.go:95","message":"Payment-Reposiroty-GetPayments, sql: expected 8 destination arguments in Scan, not 1"}
{"level":"info","time":"12-06-2022,05:30:14","caller":"loggin/loggin.go:75","message":"app - run - signal: interrupt"}
{"level":"debug","time":"12-06-2022,05:30:15","caller":"loggin/loggin.go:71","message":"no change"}
{"level":"info","time":"12-06-2022,05:30:15","caller":"loggin/loggin.go:75","message":"http server created and started at http://localhost:8080"}
{"level":"error","time":"12-06-2022,05:30:18","caller":"loggin/loggin.go:95","message":"Payment-Reposiroty-GetPayments, sql: expected 8 destination arguments in Scan, not 1"}
{"level":"info","time":"12-06-2022,05:31:06","caller":"loggin/loggin.go:75","message":"app - run - signal: interrupt"}
{"level":"debug","time":"12-06-2022,05:32:35","caller":"loggin/loggin.go:71","message":"no change"}
{"level":"info","time":"12-06-2022,05:32:35","caller":"loggin/loggin.go:75","message":"http server created and started at http://localhost:8080"}
{"level":"error","time":"12-06-2022,05:32:37","caller":"loggin/loggin.go:95","message":"Payment-Reposiroty-GetPayments, sql: expected 8 destination arguments in Scan, not 1"}
{"level":"info","time":"12-06-2022,05:34:36","caller":"loggin/loggin.go:75","message":"app - run - signal: interrupt"}
{"level":"debug","time":"12-06-2022,05:34:37","caller":"loggin/loggin.go:71","message":"no change"}
{"level":"info","time":"12-06-2022,05:34:37","caller":"loggin/loggin.go:75","message":"http server created and started at http://localhost:8080"}
{"level":"info","time":"12-06-2022,05:35:52","caller":"loggin/loggin.go:75","message":"app - run - signal: interrupt"}
{"level":"info","time":"12-06-2022,05:37:56","caller":"loggin/loggin.go:75","message":"http server created and started at http://localhost:8080"}
{"level":"info","time":"12-06-2022,05:57:17","caller":"loggin/loggin.go:75","message":"http server created and started at http://localhost:8080"}
{"level":"error","time":"12-06-2022,05:57:27","caller":"loggin/loggin.go:95","message":"Payment-Repository-CreatePayment, pq: column \"id\" does not exist"}
{"level":"info","time":"12-06-2022,05:58:06","caller":"loggin/loggin.go:75","message":"app - run - signal: interrupt"}
{"level":"info","time":"12-06-2022,05:58:07","caller":"loggin/loggin.go:75","message":"http server created and started at http://localhost:8080"}
{"level":"error","time":"12-06-2022,05:58:09","caller":"loggin/loggin.go:95","message":"Payment-Repository-CreatePayment, sql: no rows in result set"}
{"level":"info","time":"12-06-2022,05:58:43","caller":"loggin/loggin.go:75","message":"app - run - signal: interrupt"}
{"level":"info","time":"12-06-2022,05:58:44","caller":"loggin/loggin.go:75","message":"http server created and started at http://localhost:8080"}
{"level":"info","time":"12-06-2022,05:59:36","caller":"loggin/loggin.go:75","message":"app - run - signal: interrupt"}
{"level":"info","time":"12-06-2022,05:59:38","caller":"loggin/loggin.go:75","message":"http server created and started at http://localhost:8080"}
{"level":"info","time":"12-06-2022,06:00:47","caller":"loggin/loggin.go:75","message":"app - run - signal: interrupt"}
{"level":"info","time":"12-06-2022,06:00:48","caller":"loggin/loggin.go:75","message":"http server created and started at http://localhost:8080"}
{"level":"error","time":"12-06-2022,06:00:53","caller":"loggin/loggin.go:95","message":"Payment-Repository-CreatePayment, pq: column \"id\" does not exist"}
{"level":"info","time":"12-06-2022,06:01:05","caller":"loggin/loggin.go:75","message":"app - run - signal: interrupt"}
{"level":"info","time":"12-06-2022,06:01:16","caller":"loggin/loggin.go:75","message":"http server created and started at http://localhost:8080"}
{"level":"info","time":"12-06-2022,06:02:02","caller":"loggin/loggin.go:75","message":"app - run - signal: interrupt"}
{"level":"info","time":"12-06-2022,06:08:00","caller":"zap@v1.21.0/sugar.go:138","message":"http server created and started at http://localhost:8080"}
{"level":"info","time":"12-06-2022,06:08:15","caller":"zap@v1.21.0/sugar.go:138","message":"app - run - signal: interrupt"}
{"level":"info","time":"12-06-2022,06:08:17","caller":"app/main.go:60","message":"http server created and started at http://localhost:8080"}
{"level":"error","time":"12-06-2022,06:08:46","caller":"payment/controller.go:90","message":"Payment-Usecase-Repository-GetStatus Payment-Reposiroty-GetStatusByID, sql: no rows in result set"}
{"level":"info","time":"12-06-2022,06:14:32","caller":"app/main.go:68","message":"app - run - signal: interrupt"}
